[07.05.2018 19:21:52,026] [main] INFO  org.jgap.gp.impl.GPGenotype  - Depths of chroms: 4 / 3
[07.05.2018 19:21:53,347] [main] INFO  org.jgap.gp.impl.GPGenotype  - Best solution fitness: 97.95
[07.05.2018 19:21:53,347] [main] INFO  org.jgap.gp.impl.GPGenotype  - Best solution: (((3 - bc) + ((4 - USz) / USz)) + ((5 - USz) + (5 - CT))) - bn ==> (Arg(1) + Arg(2) + Arg(0)) + Arg(1) + Arg(0)
[07.05.2018 19:21:53,348] [main] INFO  org.jgap.gp.impl.GPGenotype  - Depths of chroms: 5 / 2
[07.05.2018 19:22:41,127] [main] INFO  org.jgap.gp.impl.GPGenotype  - Best solution fitness: 97.95
[07.05.2018 19:22:41,129] [main] INFO  org.jgap.gp.impl.GPGenotype  - Best solution: (((3 - bc) + ((4 - USz) / USz)) + ((5 - USz) + (5 - CT))) - bn ==> (Arg(1) + Arg(2) + Arg(0)) + Arg(1) + Arg(0)
[07.05.2018 19:22:41,130] [main] INFO  org.jgap.gp.impl.GPGenotype  - Depths of chroms: 5 / 2
[07.05.2018 19:23:01,856] [main] INFO  org.jgap.gp.impl.GPGenotype  - Creating initial population
[07.05.2018 19:23:01,860] [main] INFO  org.jgap.gp.impl.GPGenotype  - Mem free: 10.0 MB
[07.05.2018 19:23:01,871] [main] INFO  org.jgap.gp.impl.GPPopulation  - Prototype program set
[07.05.2018 19:23:01,972] [main] INFO  org.jgap.gp.impl.GPGenotype  - Mem free after creating population: 17.0 MB
[07.05.2018 19:23:01,975] [main] INFO  org.jgap.gp.impl.GPGenotype  - Your configuration does not contain unused commands, this is good
[07.05.2018 19:23:02,225] [main] INFO  org.jgap.gp.impl.GPGenotype  - Best solution fitness: 95.30
[07.05.2018 19:23:02,227] [main] INFO  org.jgap.gp.impl.GPGenotype  - Best solution: (m - -3) - (bn * USz) ==> (Arg(1) + Arg(2) + Arg(2)) + (Arg(2) + Arg(1) + Arg(1)) + (Arg(0) + Arg(1) + Arg(1))
[07.05.2018 19:23:02,227] [main] INFO  org.jgap.gp.impl.GPGenotype  - Depths of chroms: 2 / 2
[07.05.2018 19:23:02,648] [main] INFO  org.jgap.gp.impl.GPGenotype  - Best solution fitness: 96.12
[07.05.2018 19:23:02,649] [main] INFO  org.jgap.gp.impl.GPGenotype  - Best solution: ((2 / m) + ((m / m) - ma)) + ((m - -3) - (bn * USz)) ==> (Arg(1) + Arg(1) + Arg(2)) + (Arg(1) + Arg(0) + Arg(1)) + (Arg(1) + Arg(1) + Arg(0))
[07.05.2018 19:23:02,649] [main] INFO  org.jgap.gp.impl.GPGenotype  - Depths of chroms: 4 / 2
[07.05.2018 19:23:02,963] [main] INFO  org.jgap.gp.impl.GPGenotype  - Best solution fitness: 96.32
[07.05.2018 19:23:02,963] [main] INFO  org.jgap.gp.impl.GPGenotype  - Best solution: (2 - -3) - (bn * USz) ==> (Arg(0) + Arg(2) + (Arg(2) + Arg(0) + Arg(0))) + (Arg(2) + Arg(2) + Arg(0)) + (Arg(0) + Arg(0) + Arg(0))
[07.05.2018 19:23:02,963] [main] INFO  org.jgap.gp.impl.GPGenotype  - Depths of chroms: 2 / 3
[07.05.2018 19:23:03,499] [main] INFO  org.jgap.gp.impl.GPGenotype  - Best solution fitness: 96.73
[07.05.2018 19:23:03,500] [main] INFO  org.jgap.gp.impl.GPGenotype  - Best solution: (((3 - Ushp) - -3) - -3) - (bn * USz) ==> Arg(0) + Arg(1) + (Arg(1) + Arg(1) + (Arg(0) + (Arg(1) + Arg(0) + Arg(0)) + Arg(2)))
[07.05.2018 19:23:03,500] [main] INFO  org.jgap.gp.impl.GPGenotype  - Depths of chroms: 4 / 4
[07.05.2018 19:23:04,066] [main] INFO  org.jgap.gp.impl.GPGenotype  - Best solution fitness: 96.93
[07.05.2018 19:23:04,067] [main] INFO  org.jgap.gp.impl.GPGenotype  - Best solution: (((((m - -2) - -2) - -2) - (m * Ushp)) - -2) - (bn * USz) ==> Arg(0) + Arg(0) + (Arg(2) + Arg(0) + (Arg(1) + Arg(0) + (Arg(1) + Arg(1) + Arg(1))))
[07.05.2018 19:23:04,067] [main] INFO  org.jgap.gp.impl.GPGenotype  - Depths of chroms: 6 / 4
[07.05.2018 19:23:05,850] [main] INFO  org.jgap.gp.impl.GPGenotype  - Best solution fitness: 97.14
[07.05.2018 19:23:05,853] [main] INFO  org.jgap.gp.impl.GPGenotype  - Best solution: ((((5 * bn) / CT) - -2) - (bn * USz)) - (m - 3) ==> Arg(2)
[07.05.2018 19:23:05,854] [main] INFO  org.jgap.gp.impl.GPGenotype  - Depths of chroms: 5 / 0
[07.05.2018 19:23:06,630] [main] INFO  org.jgap.gp.impl.GPGenotype  - Best solution fitness: 97.34
[07.05.2018 19:23:06,630] [main] INFO  org.jgap.gp.impl.GPGenotype  - Best solution: ((((5 * (m - -2)) / CT) - -2) - (bn * USz)) - (m - 0) ==> Arg(2) + Arg(2) + Arg(2)
[07.05.2018 19:23:06,630] [main] INFO  org.jgap.gp.impl.GPGenotype  - Depths of chroms: 6 / 1
[07.05.2018 19:23:13,222] [main] INFO  org.jgap.gp.impl.GPGenotype  - Best solution fitness: 97.55
[07.05.2018 19:23:13,222] [main] INFO  org.jgap.gp.impl.GPGenotype  - Best solution: ((((5 * ((5 - -2) - -2)) / CT) - -2) - (bn * USz)) - (bc + 4) ==> Arg(2) + (Arg(1) + Arg(1) + Arg(2)) + (Arg(1) + Arg(1) + Arg(0))
[07.05.2018 19:23:13,222] [main] INFO  org.jgap.gp.impl.GPGenotype  - Depths of chroms: 7 / 2
[07.05.2018 19:23:14,278] [main] INFO  org.jgap.gp.impl.GPGenotype  - Best solution fitness: 97.75
[07.05.2018 19:23:14,278] [main] INFO  org.jgap.gp.impl.GPGenotype  - Best solution: ((((5 * ((5 - -2) - -2)) / CT) - USz) - (bn * USz)) - (bc + -1) ==> Arg(2) + Arg(2) + (Arg(1) + (Arg(1) + Arg(2) + Arg(0)) + (Arg(1) + Arg(1) + Arg(2)))
[07.05.2018 19:23:14,278] [main] INFO  org.jgap.gp.impl.GPGenotype  - Depths of chroms: 7 / 3
[07.05.2018 19:23:16,158] [main] INFO  org.jgap.gp.impl.GPGenotype  - Best solution fitness: 97.95
[07.05.2018 19:23:16,160] [main] INFO  org.jgap.gp.impl.GPGenotype  - Best solution: ((((5 * ((5 - -2) - -2)) / CT) - USz) - (bn * USz)) - bc ==> Arg(2) + Arg(0) + Arg(0)
[07.05.2018 19:23:16,161] [main] INFO  org.jgap.gp.impl.GPGenotype  - Depths of chroms: 7 / 1
[07.05.2018 19:24:00,289] [main] INFO  org.jgap.gp.impl.GPGenotype  - Best solution fitness: 97.95
[07.05.2018 19:24:00,290] [main] INFO  org.jgap.gp.impl.GPGenotype  - Best solution: ((((5 * ((5 - -2) - -2)) / CT) - USz) - (bn * USz)) - bc ==> Arg(2) + Arg(0) + Arg(0)
[07.05.2018 19:24:00,291] [main] INFO  org.jgap.gp.impl.GPGenotype  - Depths of chroms: 7 / 1
[07.05.2018 19:24:20,930] [main] INFO  org.jgap.gp.impl.GPGenotype  - Creating initial population
[07.05.2018 19:24:20,935] [main] INFO  org.jgap.gp.impl.GPGenotype  - Mem free: 14.0 MB
[07.05.2018 19:24:20,947] [main] INFO  org.jgap.gp.impl.GPPopulation  - Prototype program set
[07.05.2018 19:24:21,034] [main] INFO  org.jgap.gp.impl.GPGenotype  - Mem free after creating population: 14.0 MB
[07.05.2018 19:24:21,039] [main] INFO  org.jgap.gp.impl.GPGenotype  - Your configuration does not contain unused commands, this is good
[07.05.2018 19:24:21,338] [main] INFO  org.jgap.gp.impl.GPGenotype  - Best solution fitness: 92.65
[07.05.2018 19:24:21,339] [main] INFO  org.jgap.gp.impl.GPGenotype  - Best solution: (((5 - bn) - (nn / m)) - nn) + 1 ==> Arg(2)
[07.05.2018 19:24:21,340] [main] INFO  org.jgap.gp.impl.GPGenotype  - Depths of chroms: 4 / 0
[07.05.2018 19:24:21,567] [main] INFO  org.jgap.gp.impl.GPGenotype  - Best solution fitness: 92.85
[07.05.2018 19:24:21,567] [main] INFO  org.jgap.gp.impl.GPGenotype  - Best solution: (sesz + Ushp) - (Ushp * USz) ==> Arg(1) + Arg(2) + Arg(0)
[07.05.2018 19:24:21,568] [main] INFO  org.jgap.gp.impl.GPGenotype  - Depths of chroms: 2 / 1
[07.05.2018 19:24:21,640] [main] INFO  org.jgap.gp.impl.GPGenotype  - Best solution fitness: 96.12
[07.05.2018 19:24:21,641] [main] INFO  org.jgap.gp.impl.GPGenotype  - Best solution: (m + 5) - (Ushp * bn) ==> Arg(2)
[07.05.2018 19:24:21,641] [main] INFO  org.jgap.gp.impl.GPGenotype  - Depths of chroms: 2 / 0
[07.05.2018 19:24:21,989] [main] INFO  org.jgap.gp.impl.GPGenotype  - Best solution fitness: 96.32
[07.05.2018 19:24:21,990] [main] INFO  org.jgap.gp.impl.GPGenotype  - Best solution: (3 - USz) + (bn / -2) ==> Arg(2)
[07.05.2018 19:24:21,990] [main] INFO  org.jgap.gp.impl.GPGenotype  - Depths of chroms: 2 / 0
[07.05.2018 19:24:22,052] [main] INFO  org.jgap.gp.impl.GPGenotype  - Best solution fitness: 97.14
[07.05.2018 19:24:22,052] [main] INFO  org.jgap.gp.impl.GPGenotype  - Best solution: (5 - USz) + (5 - (Ushp * bn)) ==> (Arg(1) + Arg(0) + Arg(2)) + (Arg(2) + Arg(1) + Arg(2)) + (Arg(1) + Arg(1) + Arg(1))
[07.05.2018 19:24:22,052] [main] INFO  org.jgap.gp.impl.GPGenotype  - Depths of chroms: 3 / 2
[07.05.2018 19:24:23,751] [main] INFO  org.jgap.gp.impl.GPGenotype  - Best solution fitness: 97.34
[07.05.2018 19:24:23,751] [main] INFO  org.jgap.gp.impl.GPGenotype  - Best solution: (((5 - USz) + (5 - (Ushp * bn))) - USz) + (5 - USz) ==> Arg(2) + Arg(2) + (Arg(2) + Arg(2) + Arg(1))
[07.05.2018 19:24:23,751] [main] INFO  org.jgap.gp.impl.GPGenotype  - Depths of chroms: 5 / 2
[07.05.2018 19:24:37,595] [main] INFO  org.jgap.gp.impl.GPGenotype  - Best solution fitness: 97.55
[07.05.2018 19:24:37,597] [main] INFO  org.jgap.gp.impl.GPGenotype  - Best solution: (((5 - USz) + (5 - (m - (4 - (Ushp * bn))))) - USz) + (3 - bc) ==> Arg(2)
[07.05.2018 19:24:37,597] [main] INFO  org.jgap.gp.impl.GPGenotype  - Depths of chroms: 7 / 0
[07.05.2018 19:24:41,005] [main] INFO  org.jgap.gp.impl.GPGenotype  - Best solution fitness: 97.75
[07.05.2018 19:24:41,005] [main] INFO  org.jgap.gp.impl.GPGenotype  - Best solution: (((5 - Ushp) + (5 - (m - (4 - (Ushp * bn))))) - USz) + (3 - bc) ==> Arg(2)
[07.05.2018 19:24:41,005] [main] INFO  org.jgap.gp.impl.GPGenotype  - Depths of chroms: 7 / 0
[07.05.2018 19:25:21,037] [main] INFO  org.jgap.gp.impl.GPGenotype  - Best solution fitness: 97.75
[07.05.2018 19:25:21,039] [main] INFO  org.jgap.gp.impl.GPGenotype  - Best solution: (((5 - Ushp) + (5 - (m - (4 - (Ushp * bn))))) - USz) + (3 - bc) ==> Arg(2)
[07.05.2018 19:25:21,040] [main] INFO  org.jgap.gp.impl.GPGenotype  - Depths of chroms: 7 / 0
[07.05.2018 19:40:30,287] [main] INFO  org.jgap.gp.impl.GPGenotype  - Creating initial population
[07.05.2018 19:40:30,293] [main] INFO  org.jgap.gp.impl.GPGenotype  - Mem free: 14.0 MB
[07.05.2018 19:40:30,303] [main] INFO  org.jgap.gp.impl.GPPopulation  - Prototype program set
[07.05.2018 19:40:30,421] [main] INFO  org.jgap.gp.impl.GPGenotype  - Mem free after creating population: 14.0 MB
[07.05.2018 19:40:30,437] [main] INFO  org.jgap.gp.impl.GPGenotype  - Your configuration does not contain unused commands, this is good
[07.05.2018 19:40:30,745] [main] INFO  org.jgap.gp.impl.GPGenotype  - Best solution fitness: 91.63
[07.05.2018 19:40:30,747] [main] INFO  org.jgap.gp.impl.GPGenotype  - Best solution: (m + sesz) - (bn * nn) ==> (Arg(0) + Arg(2) + Arg(0)) + (Arg(0) + Arg(1) + Arg(0)) + (Arg(1) + Arg(0) + Arg(0))
[07.05.2018 19:40:30,747] [main] INFO  org.jgap.gp.impl.GPGenotype  - Depths of chroms: 2 / 2
[07.05.2018 19:40:30,832] [main] INFO  org.jgap.gp.impl.GPGenotype  - Best solution fitness: 92.85
[07.05.2018 19:40:30,833] [main] INFO  org.jgap.gp.impl.GPGenotype  - Best solution: (USz / -1) - (-1 + -1) ==> (Arg(2) + Arg(2) + Arg(0)) + (Arg(0) + Arg(0) + Arg(0)) + (Arg(2) + Arg(1) + Arg(1))
[07.05.2018 19:40:30,833] [main] INFO  org.jgap.gp.impl.GPGenotype  - Depths of chroms: 2 / 2
[07.05.2018 19:40:30,973] [main] INFO  org.jgap.gp.impl.GPGenotype  - Best solution fitness: 93.26
[07.05.2018 19:40:30,974] [main] INFO  org.jgap.gp.impl.GPGenotype  - Best solution: (1 - ma) - (bn - 5) ==> (Arg(2) + Arg(2) + Arg(2)) + (Arg(1) + Arg(0) + Arg(1)) + (Arg(1) + Arg(2) + Arg(1))
[07.05.2018 19:40:30,974] [main] INFO  org.jgap.gp.impl.GPGenotype  - Depths of chroms: 2 / 2
[07.05.2018 19:40:31,046] [main] INFO  org.jgap.gp.impl.GPGenotype  - Best solution fitness: 95.71
[07.05.2018 19:40:31,046] [main] INFO  org.jgap.gp.impl.GPGenotype  - Best solution: (2 - USz) - (bn - 5) ==> Arg(2) + Arg(2) + Arg(2)
[07.05.2018 19:40:31,047] [main] INFO  org.jgap.gp.impl.GPGenotype  - Depths of chroms: 2 / 1
[07.05.2018 19:40:31,117] [main] INFO  org.jgap.gp.impl.GPGenotype  - Best solution fitness: 96.12
[07.05.2018 19:40:31,118] [main] INFO  org.jgap.gp.impl.GPGenotype  - Best solution: ((((USz + 1) / USz) - (bn - 5)) - Ushp) * (CT * nn) ==> (Arg(1) + Arg(1) + Arg(2)) + (Arg(2) + Arg(1) + Arg(0)) + (Arg(0) + Arg(0) + Arg(2))
[07.05.2018 19:40:31,118] [main] INFO  org.jgap.gp.impl.GPGenotype  - Depths of chroms: 5 / 2
[07.05.2018 19:40:31,404] [main] INFO  org.jgap.gp.impl.GPGenotype  - Best solution fitness: 96.32
[07.05.2018 19:40:31,404] [main] INFO  org.jgap.gp.impl.GPGenotype  - Best solution: (bc + (2 - (bn - 5))) - (Ushp * bc) ==> Arg(2) + Arg(2) + Arg(1)
[07.05.2018 19:40:31,405] [main] INFO  org.jgap.gp.impl.GPGenotype  - Depths of chroms: 4 / 1
[07.05.2018 19:40:31,502] [main] INFO  org.jgap.gp.impl.GPGenotype  - Best solution fitness: 96.73
[07.05.2018 19:40:31,503] [main] INFO  org.jgap.gp.impl.GPGenotype  - Best solution: ((((2 - USz) / USz) - (bn - 5)) - Ushp) * (CT * nn) ==> (Arg(0) + Arg(1) + Arg(1)) + (Arg(2) + Arg(1) + Arg(0)) + (Arg(0) + Arg(0) + Arg(2))
[07.05.2018 19:40:31,503] [main] INFO  org.jgap.gp.impl.GPGenotype  - Depths of chroms: 5 / 2
[07.05.2018 19:40:32,102] [main] INFO  org.jgap.gp.impl.GPGenotype  - Best solution fitness: 96.93
[07.05.2018 19:40:32,103] [main] INFO  org.jgap.gp.impl.GPGenotype  - Best solution: ((((bn * nn) / (CT * nn)) - (bn - 5)) - Ushp) * (CT * nn) ==> Arg(1)
[07.05.2018 19:40:32,103] [main] INFO  org.jgap.gp.impl.GPGenotype  - Depths of chroms: 5 / 0
[07.05.2018 19:40:32,854] [main] INFO  org.jgap.gp.impl.GPGenotype  - Best solution fitness: 97.14
[07.05.2018 19:40:32,855] [main] INFO  org.jgap.gp.impl.GPGenotype  - Best solution: (((bn * nn) / (CT * nn)) - (bn - 5)) - USz ==> (Arg(2) + (Arg(2) + Arg(2) + Arg(2)) + Arg(1)) + Arg(0) + Arg(2)
[07.05.2018 19:40:32,855] [main] INFO  org.jgap.gp.impl.GPGenotype  - Depths of chroms: 4 / 3
[07.05.2018 19:40:33,107] [main] INFO  org.jgap.gp.impl.GPGenotype  - Best solution fitness: 97.34
[07.05.2018 19:40:33,107] [main] INFO  org.jgap.gp.impl.GPGenotype  - Best solution: (((4 - (m * Ushp)) / USz) - (bn - 5)) - Ushp ==> Arg(0) + Arg(2) + Arg(1)
[07.05.2018 19:40:33,108] [main] INFO  org.jgap.gp.impl.GPGenotype  - Depths of chroms: 5 / 1
[07.05.2018 19:40:47,822] [main] INFO  org.jgap.gp.impl.GPGenotype  - Best solution fitness: 97.55
[07.05.2018 19:40:47,824] [main] INFO  org.jgap.gp.impl.GPGenotype  - Best solution: ((((4 - (5 - (4 - m))) - (USz / ma)) / USz) - (bn - 5)) - Ushp ==> Arg(2) + Arg(0) + (Arg(2) + Arg(0) + Arg(0))
[07.05.2018 19:40:47,824] [main] INFO  org.jgap.gp.impl.GPGenotype  - Depths of chroms: 7 / 2
[07.05.2018 19:41:35,408] [main] INFO  org.jgap.gp.impl.GPGenotype  - Best solution fitness: 97.55
[07.05.2018 19:41:35,412] [main] INFO  org.jgap.gp.impl.GPGenotype  - Best solution: ((((4 - (5 - (4 - m))) - (USz / ma)) / USz) - (bn - 5)) - Ushp ==> Arg(2) + Arg(0) + (Arg(2) + Arg(0) + Arg(0))
[07.05.2018 19:41:35,412] [main] INFO  org.jgap.gp.impl.GPGenotype  - Depths of chroms: 7 / 2
[07.05.2018 19:46:47,907] [main] INFO  org.jgap.gp.impl.GPGenotype  - Creating initial population
[07.05.2018 19:46:47,912] [main] INFO  org.jgap.gp.impl.GPGenotype  - Mem free: 14.0 MB
[07.05.2018 19:46:47,923] [main] INFO  org.jgap.gp.impl.GPPopulation  - Prototype program set
[07.05.2018 19:46:48,005] [main] INFO  org.jgap.gp.impl.GPGenotype  - Mem free after creating population: 14.0 MB
[07.05.2018 19:46:48,009] [main] INFO  org.jgap.gp.impl.GPGenotype  - Your configuration does not contain unused commands, this is good
[07.05.2018 19:46:48,305] [main] INFO  org.jgap.gp.impl.GPGenotype  - Best solution fitness: 92.85
[07.05.2018 19:46:48,306] [main] INFO  org.jgap.gp.impl.GPGenotype  - Best solution: (0 * ((Ushp - nn) - (ma - nn))) + (USz / -3) ==> (Arg(2) + Arg(2) + Arg(1)) + (Arg(0) + Arg(0) + Arg(0)) + (Arg(1) + Arg(0) + Arg(1))
[07.05.2018 19:46:48,307] [main] INFO  org.jgap.gp.impl.GPGenotype  - Depths of chroms: 4 / 2
[07.05.2018 19:46:48,524] [main] INFO  org.jgap.gp.impl.GPGenotype  - Best solution fitness: 95.91
[07.05.2018 19:46:48,525] [main] INFO  org.jgap.gp.impl.GPGenotype  - Best solution: (bc / USz) + ((4 - Ushp) - bc) ==> (Arg(1) + Arg(1) + Arg(1)) + (Arg(2) + Arg(1) + Arg(1)) + (Arg(2) + Arg(1) + Arg(1))
[07.05.2018 19:46:48,525] [main] INFO  org.jgap.gp.impl.GPGenotype  - Depths of chroms: 3 / 2
[07.05.2018 19:46:49,060] [main] INFO  org.jgap.gp.impl.GPGenotype  - Best solution fitness: 96.93
[07.05.2018 19:46:49,061] [main] INFO  org.jgap.gp.impl.GPGenotype  - Best solution: (5 - Ushp) - (bn - (Ushp / bc)) ==> (Arg(1) + Arg(1) + Arg(0)) + (Arg(1) + Arg(1) + Arg(1)) + (Arg(1) + Arg(0) + Arg(1))
[07.05.2018 19:46:49,061] [main] INFO  org.jgap.gp.impl.GPGenotype  - Depths of chroms: 3 / 2
[07.05.2018 19:46:49,860] [main] INFO  org.jgap.gp.impl.GPGenotype  - Best solution fitness: 97.34
[07.05.2018 19:46:49,861] [main] INFO  org.jgap.gp.impl.GPGenotype  - Best solution: (5 - Ushp) - (bn - ((USz + 5) + ((bc / nn) - (bc * USz)))) ==> Arg(1)
[07.05.2018 19:46:49,861] [main] INFO  org.jgap.gp.impl.GPGenotype  - Depths of chroms: 5 / 0
[07.05.2018 19:47:01,232] [main] INFO  org.jgap.gp.impl.GPGenotype  - Best solution fitness: 97.75
[07.05.2018 19:47:01,234] [main] INFO  org.jgap.gp.impl.GPGenotype  - Best solution: (5 - Ushp) - (bn - (((USz + 5) + ((bc / nn) - (bc * USz))) / nn)) ==> Arg(1) + (Arg(0) + Arg(1) + Arg(1)) + Arg(2)
[07.05.2018 19:47:01,234] [main] INFO  org.jgap.gp.impl.GPGenotype  - Depths of chroms: 6 / 2
[07.05.2018 19:47:46,578] [main] INFO  org.jgap.gp.impl.GPGenotype  - Best solution fitness: 97.75
[07.05.2018 19:47:46,579] [main] INFO  org.jgap.gp.impl.GPGenotype  - Best solution: (5 - Ushp) - (bn - (((USz + 5) + ((bc / nn) - (bc * USz))) / nn)) ==> Arg(1) + (Arg(0) + Arg(1) + Arg(1)) + Arg(2)
[07.05.2018 19:47:46,579] [main] INFO  org.jgap.gp.impl.GPGenotype  - Depths of chroms: 6 / 2
[07.05.2018 20:35:20,275] [main] INFO  org.jgap.gp.impl.GPGenotype  - Creating initial population
[07.05.2018 20:35:20,280] [main] INFO  org.jgap.gp.impl.GPGenotype  - Mem free: 14.0 MB
[07.05.2018 20:35:20,291] [main] INFO  org.jgap.gp.impl.GPPopulation  - Prototype program set
[07.05.2018 20:35:20,379] [main] INFO  org.jgap.gp.impl.GPGenotype  - Mem free after creating population: 14.0 MB
[07.05.2018 20:35:20,383] [main] INFO  org.jgap.gp.impl.GPGenotype  - Your configuration does not contain unused commands, this is good
[07.05.2018 20:35:20,659] [main] INFO  org.jgap.gp.impl.GPGenotype  - Best solution fitness: 89.38
[07.05.2018 20:35:20,661] [main] INFO  org.jgap.gp.impl.GPGenotype  - Best solution: 1 - bn ==> (Arg(2) + Arg(0) + Arg(0)) + (Arg(2) + Arg(2) + Arg(0)) + (Arg(1) + Arg(2) + Arg(2))
[07.05.2018 20:35:20,661] [main] INFO  org.jgap.gp.impl.GPGenotype  - Depths of chroms: 1 / 2
[07.05.2018 20:35:20,731] [main] INFO  org.jgap.gp.impl.GPGenotype  - Best solution fitness: 92.44
[07.05.2018 20:35:20,732] [main] INFO  org.jgap.gp.impl.GPGenotype  - Best solution: 3 - Ushp ==> Arg(2)
[07.05.2018 20:35:20,732] [main] INFO  org.jgap.gp.impl.GPGenotype  - Depths of chroms: 1 / 0
[07.05.2018 20:35:20,796] [main] INFO  org.jgap.gp.impl.GPGenotype  - Best solution fitness: 92.65
[07.05.2018 20:35:20,797] [main] INFO  org.jgap.gp.impl.GPGenotype  - Best solution: 1 + (2 - USz) ==> (Arg(1) + Arg(2) + Arg(0)) + (Arg(0) + Arg(2) + Arg(1)) + (Arg(1) + Arg(2) + Arg(0))
[07.05.2018 20:35:20,797] [main] INFO  org.jgap.gp.impl.GPGenotype  - Depths of chroms: 2 / 2
[07.05.2018 20:35:20,933] [main] INFO  org.jgap.gp.impl.GPGenotype  - Best solution fitness: 94.48
[07.05.2018 20:35:20,933] [main] INFO  org.jgap.gp.impl.GPGenotype  - Best solution: 5 - (USz * Ushp) ==> Arg(2)
[07.05.2018 20:35:20,934] [main] INFO  org.jgap.gp.impl.GPGenotype  - Depths of chroms: 2 / 0
[07.05.2018 20:35:21,064] [main] INFO  org.jgap.gp.impl.GPGenotype  - Best solution fitness: 95.51
[07.05.2018 20:35:21,064] [main] INFO  org.jgap.gp.impl.GPGenotype  - Best solution: 5 - ((bn * m) * Ushp) ==> Arg(2)
[07.05.2018 20:35:21,064] [main] INFO  org.jgap.gp.impl.GPGenotype  - Depths of chroms: 3 / 0
[07.05.2018 20:35:21,128] [main] INFO  org.jgap.gp.impl.GPGenotype  - Best solution fitness: 95.91
[07.05.2018 20:35:21,128] [main] INFO  org.jgap.gp.impl.GPGenotype  - Best solution: (3 - Ushp) + (3 - bn) ==> (Arg(1) + Arg(0) + Arg(1)) + (Arg(0) + Arg(0) + Arg(1)) + (Arg(2) + Arg(2) + Arg(0))
[07.05.2018 20:35:21,129] [main] INFO  org.jgap.gp.impl.GPGenotype  - Depths of chroms: 2 / 2
[07.05.2018 20:35:21,268] [main] INFO  org.jgap.gp.impl.GPGenotype  - Best solution fitness: 96.12
[07.05.2018 20:35:21,268] [main] INFO  org.jgap.gp.impl.GPGenotype  - Best solution: (1 - bn) + (4 - Ushp) ==> Arg(1)
[07.05.2018 20:35:21,268] [main] INFO  org.jgap.gp.impl.GPGenotype  - Depths of chroms: 2 / 0
[07.05.2018 20:35:21,500] [main] INFO  org.jgap.gp.impl.GPGenotype  - Best solution fitness: 96.53
[07.05.2018 20:35:21,501] [main] INFO  org.jgap.gp.impl.GPGenotype  - Best solution: (1 + (5 - USz)) - bn ==> Arg(2) + Arg(0) + Arg(1)
[07.05.2018 20:35:21,501] [main] INFO  org.jgap.gp.impl.GPGenotype  - Depths of chroms: 3 / 1
[07.05.2018 20:35:21,563] [main] INFO  org.jgap.gp.impl.GPGenotype  - Best solution fitness: 96.73
[07.05.2018 20:35:21,564] [main] INFO  org.jgap.gp.impl.GPGenotype  - Best solution: ((1 - bn) * Ushp) + ((1 - USz) + 5) ==> Arg(1)
[07.05.2018 20:35:21,564] [main] INFO  org.jgap.gp.impl.GPGenotype  - Depths of chroms: 3 / 0
[07.05.2018 20:35:21,692] [main] INFO  org.jgap.gp.impl.GPGenotype  - Best solution fitness: 97.14
[07.05.2018 20:35:21,693] [main] INFO  org.jgap.gp.impl.GPGenotype  - Best solution: ((1 - bn) * Ushp) + (3 - (2 - (1 + ((1 + (3 - USz)) * Ushp)))) ==> (Arg(1) + Arg(2) + ((Arg(2) + Arg(0) + Arg(0)) + Arg(0) + Arg(1))) + (Arg(1) + Arg(2) + Arg(2)) + (Arg(2) + Arg(1) + Arg(2))
[07.05.2018 20:35:21,693] [main] INFO  org.jgap.gp.impl.GPGenotype  - Depths of chroms: 7 / 4
[07.05.2018 20:35:21,986] [main] INFO  org.jgap.gp.impl.GPGenotype  - Best solution fitness: 97.34
[07.05.2018 20:35:21,986] [main] INFO  org.jgap.gp.impl.GPGenotype  - Best solution: ((((1 - bn) * Ushp) + (((5 - USz) + (5 - USz)) - Ushp)) + 5) - USz ==> Arg(2) + Arg(0) + Arg(0)
[07.05.2018 20:35:21,987] [main] INFO  org.jgap.gp.impl.GPGenotype  - Depths of chroms: 6 / 1
[07.05.2018 20:36:18,665] [main] INFO  org.jgap.gp.impl.GPGenotype  - Best solution fitness: 97.34
[07.05.2018 20:36:18,667] [main] INFO  org.jgap.gp.impl.GPGenotype  - Best solution: ((((1 - bn) * Ushp) + (((5 - USz) + (5 - USz)) - Ushp)) + 5) - USz ==> Arg(2) + Arg(0) + Arg(0)
[07.05.2018 20:36:18,667] [main] INFO  org.jgap.gp.impl.GPGenotype  - Depths of chroms: 6 / 1
[07.05.2018 20:46:19,278] [main] INFO  org.jgap.gp.impl.GPGenotype  - Creating initial population
[07.05.2018 20:46:19,284] [main] INFO  org.jgap.gp.impl.GPGenotype  - Mem free: 14.0 MB
[07.05.2018 20:46:19,295] [main] INFO  org.jgap.gp.impl.GPPopulation  - Prototype program set
[07.05.2018 20:46:19,380] [main] INFO  org.jgap.gp.impl.GPGenotype  - Mem free after creating population: 14.0 MB
[07.05.2018 20:46:19,384] [main] INFO  org.jgap.gp.impl.GPGenotype  - Your configuration does not contain unused commands, this is good
[07.05.2018 20:46:19,662] [main] INFO  org.jgap.gp.impl.GPGenotype  - Best solution fitness: 92.85
[07.05.2018 20:46:19,663] [main] INFO  org.jgap.gp.impl.GPGenotype  - Best solution: 2 - USz ==> (Arg(2) + Arg(2) + Arg(2)) + (Arg(2) + Arg(2) + Arg(1)) + (Arg(0) + Arg(0) + Arg(1))
[07.05.2018 20:46:19,664] [main] INFO  org.jgap.gp.impl.GPGenotype  - Depths of chroms: 1 / 2
[07.05.2018 20:46:19,837] [main] INFO  org.jgap.gp.impl.GPGenotype  - Best solution fitness: 95.71
[07.05.2018 20:46:19,838] [main] INFO  org.jgap.gp.impl.GPGenotype  - Best solution: (4 + 4) - (USz * bn) ==> (Arg(2) + Arg(2) + Arg(0)) + (Arg(0) + Arg(1) + Arg(0)) + (Arg(2) + Arg(1) + Arg(0))
[07.05.2018 20:46:19,838] [main] INFO  org.jgap.gp.impl.GPGenotype  - Depths of chroms: 2 / 2
[07.05.2018 20:46:19,988] [main] INFO  org.jgap.gp.impl.GPGenotype  - Best solution fitness: 96.32
[07.05.2018 20:46:19,988] [main] INFO  org.jgap.gp.impl.GPGenotype  - Best solution: (4 + (4 - nn)) - (USz * bn) ==> (Arg(2) + Arg(2) + Arg(0)) + (Arg(0) + Arg(1) + Arg(0)) + (Arg(2) + Arg(1) + Arg(0))
[07.05.2018 20:46:19,989] [main] INFO  org.jgap.gp.impl.GPGenotype  - Depths of chroms: 3 / 2
[07.05.2018 20:46:20,386] [main] INFO  org.jgap.gp.impl.GPGenotype  - Best solution fitness: 96.53
[07.05.2018 20:46:20,387] [main] INFO  org.jgap.gp.impl.GPGenotype  - Best solution: (4 + ((5 / Ushp) - (3 / 2))) - (USz * bn) ==> (Arg(1) + Arg(0) + Arg(2)) + (Arg(2) + Arg(1) + Arg(1)) + (Arg(2) + Arg(2) + Arg(2))
[07.05.2018 20:46:20,387] [main] INFO  org.jgap.gp.impl.GPGenotype  - Depths of chroms: 4 / 2
[07.05.2018 20:46:20,649] [main] INFO  org.jgap.gp.impl.GPGenotype  - Best solution fitness: 96.73
[07.05.2018 20:46:20,649] [main] INFO  org.jgap.gp.impl.GPGenotype  - Best solution: (4 + (5 / Ushp)) - (USz * bn) ==> Arg(1) + Arg(2) + Arg(1)
[07.05.2018 20:46:20,649] [main] INFO  org.jgap.gp.impl.GPGenotype  - Depths of chroms: 3 / 1
[07.05.2018 20:46:21,023] [main] INFO  org.jgap.gp.impl.GPGenotype  - Best solution fitness: 96.93
[07.05.2018 20:46:21,024] [main] INFO  org.jgap.gp.impl.GPGenotype  - Best solution: ((4 + (4 - nn)) + ((5 / Ushp) - (3 / 2))) - (USz * bn) ==> (Arg(2) + Arg(2) + Arg(0)) + Arg(2) + (Arg(2) + Arg(2) + Arg(2))
[07.05.2018 20:46:21,024] [main] INFO  org.jgap.gp.impl.GPGenotype  - Depths of chroms: 4 / 2
[07.05.2018 20:46:21,094] [main] INFO  org.jgap.gp.impl.GPGenotype  - Best solution fitness: 97.34
[07.05.2018 20:46:21,094] [main] INFO  org.jgap.gp.impl.GPGenotype  - Best solution: (4 + (5 + ((2 / Ushp) - CT))) - (USz * bn) ==> (Arg(2) + Arg(1) + Arg(1)) + Arg(0) + Arg(2)
[07.05.2018 20:46:21,094] [main] INFO  org.jgap.gp.impl.GPGenotype  - Depths of chroms: 5 / 2
[07.05.2018 20:46:23,066] [main] INFO  org.jgap.gp.impl.GPGenotype  - Best solution fitness: 97.55
[07.05.2018 20:46:23,067] [main] INFO  org.jgap.gp.impl.GPGenotype  - Best solution: (4 + (2 + (3 + (((USz * bn) / Ushp) - CT)))) - (USz * bn) ==> Arg(1)
[07.05.2018 20:46:23,067] [main] INFO  org.jgap.gp.impl.GPGenotype  - Depths of chroms: 7 / 0
[07.05.2018 20:47:19,742] [main] INFO  org.jgap.gp.impl.GPGenotype  - Best solution fitness: 97.55
[07.05.2018 20:47:19,744] [main] INFO  org.jgap.gp.impl.GPGenotype  - Best solution: (4 + (2 + (3 + (((USz * bn) / Ushp) - CT)))) - (USz * bn) ==> Arg(1)
[07.05.2018 20:47:19,744] [main] INFO  org.jgap.gp.impl.GPGenotype  - Depths of chroms: 7 / 0
[07.05.2018 20:48:58,985] [main] INFO  org.jgap.gp.impl.GPGenotype  - Creating initial population
[07.05.2018 20:48:58,989] [main] INFO  org.jgap.gp.impl.GPGenotype  - Mem free: 14.0 MB
[07.05.2018 20:48:59,000] [main] INFO  org.jgap.gp.impl.GPPopulation  - Prototype program set
[07.05.2018 20:48:59,070] [main] INFO  org.jgap.gp.impl.GPGenotype  - Mem free after creating population: 14.0 MB
[07.05.2018 20:48:59,073] [main] INFO  org.jgap.gp.impl.GPGenotype  - Your configuration does not contain unused commands, this is good
[07.05.2018 20:48:59,342] [main] INFO  org.jgap.gp.impl.GPGenotype  - Best solution fitness: 92.85
[07.05.2018 20:48:59,343] [main] INFO  org.jgap.gp.impl.GPGenotype  - Best solution: (2 - sesz) * (Ushp / 2) ==> (Arg(2) + Arg(0) + Arg(0)) + (Arg(1) + Arg(1) + Arg(2)) + (Arg(1) + Arg(1) + Arg(0))
[07.05.2018 20:48:59,344] [main] INFO  org.jgap.gp.impl.GPGenotype  - Depths of chroms: 2 / 2
[07.05.2018 20:48:59,547] [main] INFO  org.jgap.gp.impl.GPGenotype  - Best solution fitness: 93.46
[07.05.2018 20:48:59,552] [main] INFO  org.jgap.gp.impl.GPGenotype  - Best solution: (CT + (4 + CT)) - (bn * CT) ==> (Arg(1) + Arg(1) + Arg(2)) + (Arg(1) + Arg(0) + Arg(0)) + (Arg(1) + Arg(0) + Arg(2))
[07.05.2018 20:48:59,553] [main] INFO  org.jgap.gp.impl.GPGenotype  - Depths of chroms: 3 / 2
[07.05.2018 20:48:59,632] [main] INFO  org.jgap.gp.impl.GPGenotype  - Best solution fitness: 94.08
[07.05.2018 20:48:59,632] [main] INFO  org.jgap.gp.impl.GPGenotype  - Best solution: (5 - sesz) - bn ==> Arg(1)
[07.05.2018 20:48:59,632] [main] INFO  org.jgap.gp.impl.GPGenotype  - Depths of chroms: 2 / 0
[07.05.2018 20:48:59,835] [main] INFO  org.jgap.gp.impl.GPGenotype  - Best solution fitness: 96.32
[07.05.2018 20:48:59,835] [main] INFO  org.jgap.gp.impl.GPGenotype  - Best solution: ((5 - sesz) - bn) * (Ushp / 2) ==> Arg(0) + (Arg(2) + Arg(2) + Arg(1)) + (Arg(0) + Arg(2) + Arg(1))
[07.05.2018 20:48:59,836] [main] INFO  org.jgap.gp.impl.GPGenotype  - Depths of chroms: 3 / 2
[07.05.2018 20:49:01,125] [main] INFO  org.jgap.gp.impl.GPGenotype  - Best solution fitness: 96.73
[07.05.2018 20:49:01,125] [main] INFO  org.jgap.gp.impl.GPGenotype  - Best solution: ((5 - Ushp) - bn) * (Ushp / 2) ==> Arg(1)
[07.05.2018 20:49:01,125] [main] INFO  org.jgap.gp.impl.GPGenotype  - Depths of chroms: 3 / 0
[07.05.2018 20:49:02,370] [main] INFO  org.jgap.gp.impl.GPGenotype  - Best solution fitness: 97.14
[07.05.2018 20:49:02,371] [main] INFO  org.jgap.gp.impl.GPGenotype  - Best solution: (CT + ((4 - Ushp) * (CT + (4 / ma)))) - (bn * CT) ==> Arg(0) + Arg(2) + Arg(1)
[07.05.2018 20:49:02,372] [main] INFO  org.jgap.gp.impl.GPGenotype  - Depths of chroms: 5 / 1
[07.05.2018 20:49:04,723] [main] INFO  org.jgap.gp.impl.GPGenotype  - Best solution fitness: 97.34
[07.05.2018 20:49:04,723] [main] INFO  org.jgap.gp.impl.GPGenotype  - Best solution: (CT + (0 + ((bn + (4 + (5 - Ushp))) - USz))) - (bn * CT) ==> (Arg(2) + Arg(2) + Arg(1)) + (Arg(0) + Arg(2) + Arg(1)) + (Arg(2) + Arg(0) + Arg(0))
[07.05.2018 20:49:04,724] [main] INFO  org.jgap.gp.impl.GPGenotype  - Depths of chroms: 7 / 2
[07.05.2018 20:49:10,657] [main] INFO  org.jgap.gp.impl.GPGenotype  - Best solution fitness: 97.55
[07.05.2018 20:49:10,657] [main] INFO  org.jgap.gp.impl.GPGenotype  - Best solution: ((bn + (4 + ((3 - Ushp) - USz))) + (4 + (5 - Ushp))) - (bn * CT) ==> Arg(1)
[07.05.2018 20:49:10,657] [main] INFO  org.jgap.gp.impl.GPGenotype  - Depths of chroms: 6 / 0
[07.05.2018 20:50:03,153] [main] INFO  org.jgap.gp.impl.GPGenotype  - Best solution fitness: 97.55
[07.05.2018 20:50:03,155] [main] INFO  org.jgap.gp.impl.GPGenotype  - Best solution: ((bn + (4 + ((3 - Ushp) - USz))) + (4 + (5 - Ushp))) - (bn * CT) ==> Arg(1)
[07.05.2018 20:50:03,156] [main] INFO  org.jgap.gp.impl.GPGenotype  - Depths of chroms: 6 / 0
